2024-11-18 20:34:58,662 [INFO] Activator:176 - 


2024-11-18 20:34:58,664 [INFO] Activator:177 - !SESSION log4j initialized
2024-11-18 20:35:01,272 [INFO] LogOutputStream:77 - [STDOUT_REDIRECT] 
2024-11-18 20:35:02,604 [ERROR] LogOutputStream:75 - [STDERR_REDIRECT] ????. 18, 2024 8:35:02 PM org.glassfish.grizzly.http.server.NetworkListener start
2024-11-18 20:35:02,605 [ERROR] LogOutputStream:75 - [STDERR_REDIRECT] INFO: Started listener bound to [localhost:1595]
2024-11-18 20:35:02,605 [ERROR] LogOutputStream:75 - [STDERR_REDIRECT] 
2024-11-18 20:35:02,606 [ERROR] LogOutputStream:75 - [STDERR_REDIRECT] ????. 18, 2024 8:35:02 PM org.glassfish.grizzly.http.server.HttpServer start
2024-11-18 20:35:02,608 [ERROR] LogOutputStream:75 - [STDERR_REDIRECT] INFO: [HttpServer] Started.
2024-11-18 20:35:02,608 [ERROR] LogOutputStream:75 - [STDERR_REDIRECT] 
2024-11-18 20:35:24,588 [ERROR] LogOutputStream:75 - [STDERR_REDIRECT] 
2024-11-18 20:37:55,857 [INFO] Activator:176 - 


2024-11-18 20:37:55,858 [INFO] Activator:177 - !SESSION log4j initialized
2024-11-18 20:37:58,283 [INFO] LogOutputStream:77 - [STDOUT_REDIRECT] 
2024-11-18 20:37:59,533 [ERROR] LogOutputStream:75 - [STDERR_REDIRECT] ????. 18, 2024 8:37:59 PM org.glassfish.grizzly.http.server.NetworkListener start
2024-11-18 20:37:59,533 [ERROR] LogOutputStream:75 - [STDERR_REDIRECT] INFO: Started listener bound to [localhost:1595]
2024-11-18 20:37:59,533 [ERROR] LogOutputStream:75 - [STDERR_REDIRECT] 
2024-11-18 20:37:59,533 [ERROR] LogOutputStream:75 - [STDERR_REDIRECT] ????. 18, 2024 8:37:59 PM org.glassfish.grizzly.http.server.HttpServer start
2024-11-18 20:37:59,536 [ERROR] LogOutputStream:75 - [STDERR_REDIRECT] INFO: [HttpServer] Started.
2024-11-18 20:37:59,537 [ERROR] LogOutputStream:75 - [STDERR_REDIRECT] 
2024-11-18 20:40:35,681 [ERROR] LogOutputStream:75 - [STDERR_REDIRECT] 
2024-11-18 20:40:41,638 [INFO] Activator:176 - 


2024-11-18 20:40:41,640 [INFO] Activator:177 - !SESSION log4j initialized
2024-11-18 20:40:44,333 [INFO] LogOutputStream:77 - [STDOUT_REDIRECT] 
2024-11-18 20:41:02,302 [ERROR] LogOutputStream:75 - [STDERR_REDIRECT] ????. 18, 2024 8:41:02 PM org.glassfish.grizzly.http.server.NetworkListener start
2024-11-18 20:41:02,302 [ERROR] LogOutputStream:75 - [STDERR_REDIRECT] INFO: Started listener bound to [localhost:1593]
2024-11-18 20:41:02,302 [ERROR] LogOutputStream:75 - [STDERR_REDIRECT] 
2024-11-18 20:41:02,304 [ERROR] LogOutputStream:75 - [STDERR_REDIRECT] ????. 18, 2024 8:41:02 PM org.glassfish.grizzly.http.server.HttpServer start
2024-11-18 20:41:02,304 [ERROR] LogOutputStream:75 - [STDERR_REDIRECT] INFO: [HttpServer] Started.
2024-11-18 20:41:02,304 [ERROR] LogOutputStream:75 - [STDERR_REDIRECT] 
2024-11-18 20:42:06,134 [ERROR] LogOutputStream:75 - [STDERR_REDIRECT] 
2024-11-18 20:42:15,177 [INFO] Activator:176 - 


2024-11-18 20:42:15,179 [INFO] Activator:177 - !SESSION log4j initialized
2024-11-18 20:42:18,904 [INFO] LogOutputStream:77 - [STDOUT_REDIRECT] 
2024-11-18 20:42:20,121 [ERROR] LogOutputStream:75 - [STDERR_REDIRECT] ????. 18, 2024 8:42:20 PM org.glassfish.grizzly.http.server.NetworkListener start
2024-11-18 20:42:20,121 [ERROR] LogOutputStream:75 - [STDERR_REDIRECT] INFO: Started listener bound to [localhost:1595]
2024-11-18 20:42:20,122 [ERROR] LogOutputStream:75 - [STDERR_REDIRECT] 
2024-11-18 20:42:20,123 [ERROR] LogOutputStream:75 - [STDERR_REDIRECT] ????. 18, 2024 8:42:20 PM org.glassfish.grizzly.http.server.HttpServer start
2024-11-18 20:42:20,123 [ERROR] LogOutputStream:75 - [STDERR_REDIRECT] INFO: [HttpServer] Started.
2024-11-18 20:42:20,123 [ERROR] LogOutputStream:75 - [STDERR_REDIRECT] 
2024-11-18 21:40:31,193 [ERROR] ConfigurationRetriever:142 - IOException on connection: sw-center.st.com
2024-11-18 21:40:31,198 [ERROR] ConfigurationRetriever:142 - IOException on connection: sw-center.st.com
2024-11-18 21:40:31,200 [ERROR] ConfigurationRetriever:142 - IOException on connection: sw-center.st.com
2024-11-18 23:42:39,458 [ERROR] LogOutputStream:75 - [STDERR_REDIRECT] 
